Flattening unmatched subcell sky130_fd_pr__nfet_01v8_j74adr in circuit Sw-1 (0)(1 instance)
Flattening unmatched subcell sky130_fd_pr__pfet_01v8_htftno in circuit Sw-1 (0)(1 instance)
Flattening unmatched subcell sky130_fd_pr__nfet_01v8_h5gdbm in circuit Sw-1 (0)(1 instance)
Flattening unmatched subcell sky130_fd_pr__nfet_01v8_dma3uj in circuit Sw-1 (0)(1 instance)
Flattening unmatched subcell sky130_fd_pr__pfet_01v8_hf7xew in circuit Sw-1 (0)(1 instance)
Flattening unmatched subcell sky130_fd_pr__pfet_01v8_b4l3oq in circuit Sw-1 (0)(1 instance)
Flattening unmatched subcell sky130_fd_pr__pfet_01v8_k0ujpa in circuit Sw-1 (0)(1 instance)
Flattening unmatched subcell sky130_fd_pr__nfet_01v8_lz0viw in circuit Sw-1 (0)(1 instance)
Flattening unmatched subcell Sw-1 in circuit 2good.spice (0)(3 instances)
Flattening unmatched subcell sky130_fd_pr__res_generic_po_i65fu2 in circuit 2good.spice (0)(1 instance)
Flattening unmatched subcell sky130_fd_pr__res_generic_po_kabjgr in circuit 2good.spice (0)(1 instance)
Flattening unmatched subcell sky130_fd_pr__res_generic_po_abfehu in circuit 2good.spice (0)(1 instance)
Flattening unmatched subcell sky130_fd_pr__res_generic_po_0v6cx5 in circuit 2good.spice (0)(1 instance)
Equate elements:  no current cell.
Equate elements:  no current cell.

Cell sky130_fd_pr__res_generic_po disconnected node: end_a
Cell sky130_fd_pr__res_generic_po disconnected node: end_b
Equate elements:  no current cell.

Subcircuit summary:
Circuit 1: 2good.spice                     |Circuit 2: SW_2.spice                      
-------------------------------------------|-------------------------------------------
sky130_fd_pr__nfet_01v8 (12)               |sky130_fd_pr__nfet_01v8 (12)               
sky130_fd_pr__pfet_01v8 (12)               |sky130_fd_pr__pfet_01v8 (12)               
sky130_fd_pr__res_generic_po (4)           |sky130_fd_pr__res_generic_po (4)           
Number of devices: 28                      |Number of devices: 28                      
Number of nets: 18 **Mismatch**            |Number of nets: 19 **Mismatch**            
---------------------------------------------------------------------------------------
NET mismatches: Class fragments follow (with fanout counts):
Circuit 1: 2good.spice                     |Circuit 2: SW_2.spice                      

---------------------------------------------------------------------------------------
Net: li_n188_368#                          |Net: net10                                 
  sky130_fd_pr__nfet_01v8/3 = 1            |  sky130_fd_pr__nfet_01v8/3 = 1            
  sky130_fd_pr__pfet_01v8/3 = 1            |  sky130_fd_pr__pfet_01v8/3 = 1            
  sky130_fd_pr__res_generic_po/(end_a|end_ |  sky130_fd_pr__res_generic_po/2 = 1       
                                           |  sky130_fd_pr__res_generic_po/1 = 1       
                                           |                                           
(no matching net)                          |Net: __UNCONNECTED_PIN__                   
                                           |  sky130_fd_pr__res_generic_po/3 = 4       
---------------------------------------------------------------------------------------

---------------------------------------------------------------------------------------
Net: li_n188_700#                          |Net: net9                                  
  sky130_fd_pr__pfet_01v8/1 = 1            |  sky130_fd_pr__nfet_01v8/1 = 1            
  sky130_fd_pr__pfet_01v8/4 = 1            |  sky130_fd_pr__pfet_01v8/1 = 1            
  sky130_fd_pr__nfet_01v8/1 = 1            |  sky130_fd_pr__pfet_01v8/4 = 1            
  sky130_fd_pr__res_generic_po/(end_a|end_ |  sky130_fd_pr__res_generic_po/2 = 1       
                                           |  sky130_fd_pr__res_generic_po/1 = 1       
                                           |                                           
Net: li_n184_n588#                         |Net: net4                                  
  sky130_fd_pr__pfet_01v8/1 = 1            |  sky130_fd_pr__nfet_01v8/1 = 1            
  sky130_fd_pr__pfet_01v8/4 = 1            |  sky130_fd_pr__pfet_01v8/1 = 1            
  sky130_fd_pr__nfet_01v8/1 = 1            |  sky130_fd_pr__pfet_01v8/4 = 1            
  sky130_fd_pr__res_generic_po/(end_a|end_ |  sky130_fd_pr__res_generic_po/2 = 1       
                                           |  sky130_fd_pr__res_generic_po/1 = 1       
---------------------------------------------------------------------------------------
DEVICE mismatches: Class fragments follow (with node fanout counts):
Circuit 1: 2good.spice                     |Circuit 2: SW_2.spice                      

---------------------------------------------------------------------------------------
Instance: sky130_fd_pr__res_generic_po_abf |Instance: sky130_fd_pr__res_generic_poR1   
  (end_a,end_b) = (5,1)                    |  1 = 5                                    
                                           |  2 = 1                                    
                                           |  3 = 4                                    
                                           |                                           
Instance: sky130_fd_pr__res_generic_po_i65 |Instance: sky130_fd_pr__res_generic_poR6   
  (end_a,end_b) = (5,3)                    |  1 = 4                                    
                                           |  2 = 5                                    
                                           |  3 = 4                                    
                                           |                                           
(no matching instance)                     |Instance: sky130_fd_pr__res_generic_poR4   
                                           |  1 = 5                                    
                                           |  2 = 4                                    
                                           |  3 = 4                                    
                                           |                                           
(no matching instance)                     |Instance: sky130_fd_pr__res_generic_poR5   
                                           |  1 = 3                                    
                                           |  2 = 5                                    
                                           |  3 = 4                                    
---------------------------------------------------------------------------------------

---------------------------------------------------------------------------------------
Instance: sky130_fd_pr__res_generic_po_kab |(no matching instance)                     
  (end_a,end_b) = (5,4)                    |                                           
                                           |                                           
                                           |                                           
Instance: sky130_fd_pr__res_generic_po_0v6 |(no matching instance)                     
  (end_a,end_b) = (5,4)                    |                                           
                                           |                                           
---------------------------------------------------------------------------------------
Netlists do not match.
The top level cell failed pin matching.
